 Application Example 1:
 Comp Create returned, name = Atmosphere Model Gridded Component
 Gridded Comp Init starting
 Gridded Comp Init returning
 Comp Initialize complete
 Gridded Comp Run starting
 Gridded Comp Run returning
 Gridded Comp Run starting
 Gridded Comp Run returning
 Gridded Comp Run starting
 Gridded Comp Run returning
 Gridded Comp Run starting
 Gridded Comp Run returning
 Comp Run complete
 Gridded Comp Final starting
 Gridded Comp Final returning
 Comp Finalize complete
 Comp Destroy returned
 Application Example 1 finished
 PASS: ESMF_GCompEx.F90
