 The clock's final current time is         2003 /           4 /          14  
           2 :          24 :           0
 The clock was advanced                      6  times.
 PASS: ESMF_ClockEx.F90
Clock ----------------------------------
currTime = 
Time -----------------------------------
2003-04-01T02:24:00
end Time -------------------------------

end Clock ------------------------------

Clock ----------------------------------
currTime = 
Time -----------------------------------
2003-04-03T06:24:00
end Time -------------------------------

end Clock ------------------------------

Clock ----------------------------------
currTime = 
Time -----------------------------------
2003-04-05T10:24:00
end Time -------------------------------

end Clock ------------------------------

Clock ----------------------------------
currTime = 
Time -----------------------------------
2003-04-07T14:24:00
end Time -------------------------------

end Clock ------------------------------

Clock ----------------------------------
currTime = 
Time -----------------------------------
2003-04-09T18:24:00
end Time -------------------------------

end Clock ------------------------------

Clock ----------------------------------
currTime = 
Time -----------------------------------
2003-04-11T22:24:00
end Time -------------------------------

end Clock ------------------------------

Clock ----------------------------------
currTime = 
Time -----------------------------------
2003-04-14T02:24:00
end Time -------------------------------

end Clock ------------------------------

Clock ----------------------------------
currTime = 
Time -----------------------------------
2003-04-11T22:24:00
end Time -------------------------------

end Clock ------------------------------

Clock ----------------------------------
currTime = 
Time -----------------------------------
2003-04-09T18:24:00
end Time -------------------------------

end Clock ------------------------------

Clock ----------------------------------
currTime = 
Time -----------------------------------
2003-04-07T14:24:00
end Time -------------------------------

end Clock ------------------------------

Clock ----------------------------------
currTime = 
Time -----------------------------------
2003-04-05T10:24:00
end Time -------------------------------

end Clock ------------------------------

Clock ----------------------------------
currTime = 
Time -----------------------------------
2003-04-03T06:24:00
end Time -------------------------------

end Clock ------------------------------

